
2025-05-07 17:27:28 [INFO] Starting resume generation process.
2025-05-07 17:27:28 [INFO] Loaded configuration: Language = no, Resume Type = management
2025-05-07 17:27:28 [DEBUG] Processing file: .\data\basics.json
2025-05-07 17:27:28 [INFO] Extracting basics section for language: no with filtering
2025-05-07 17:27:29 [INFO] Basics section added successfully.
2025-05-07 17:27:29 [DEBUG] Processing file: .\data\volunteer.json
2025-05-07 17:27:29 [INFO] Filtering section 'volunteer' for language: no
2025-05-07 17:27:29 [WARN] Warning: No matching items in 'volunteer' based on resume type 'management'. Empty array will be included.
2025-05-07 17:27:29 [DEBUG] Processing file: .\data\work.json
2025-05-07 17:27:29 [INFO] Filtering section 'work' for language: no
2025-05-07 17:27:30 [INFO] Filtered items count in 'work': 2
2025-05-07 17:27:30 [DEBUG] Processing file: .\data\education.json
2025-05-07 17:27:30 [INFO] Filtering section 'education' for language: no
2025-05-07 17:27:30 [WARN] Warning: No matching items in 'education' based on resume type 'management'. Empty array will be included.
2025-05-07 17:27:30 [DEBUG] Processing file: .\data\awards.json
2025-05-07 17:27:30 [WARN] Warning: No 'no' data found for section 'awards'. Empty array will be included.
2025-05-07 17:27:30 [DEBUG] Processing file: .\data\certificates.json
2025-05-07 17:27:30 [INFO] Filtering section 'certificates' for language: no
2025-05-07 17:27:30 [WARN] Warning: No matching items in 'certificates' based on resume type 'management'. Empty array will be included.
2025-05-07 17:27:30 [DEBUG] Processing file: .\data\publications.json
2025-05-07 17:27:31 [WARN] Warning: No 'no' data found for section 'publications'. Empty array will be included.
2025-05-07 17:27:31 [DEBUG] Processing file: .\data\skills.json
2025-05-07 17:27:31 [INFO] Filtering section 'skills' for language: no
2025-05-07 17:27:31 [WARN] Warning: No matching items in 'skills' based on resume type 'management'. Empty array will be included.
2025-05-07 17:27:31 [DEBUG] Processing file: .\data\languages.json
2025-05-07 17:27:31 [INFO] Filtering section 'languages' for language: no
2025-05-07 17:27:31 [WARN] Warning: No matching items in 'languages' based on resume type 'management'. Empty array will be included.
2025-05-07 17:27:31 [DEBUG] Processing file: .\data\interests.json
2025-05-07 17:27:32 [INFO] Filtering section 'interests' for language: no
2025-05-07 17:27:32 [WARN] Warning: No matching items in 'interests' based on resume type 'management'. Empty array will be included.
2025-05-07 17:27:32 [DEBUG] Processing file: .\data\references.json
2025-05-07 17:27:32 [INFO] Filtering section 'references' for language: no
2025-05-07 17:27:32 [WARN] Warning: No matching items in 'references' based on resume type 'management'. Empty array will be included.
2025-05-07 17:27:32 [DEBUG] Processing file: .\data\projects.json
2025-05-07 17:27:32 [INFO] Filtering section 'projects' for language: no
2025-05-07 17:27:32 [WARN] Warning: No matching items in 'projects' based on resume type 'management'. Empty array will be included.
2025-05-07 17:27:32 [INFO] Resume JSON created successfully!
